TLC2 Version 2.20 of Day Month 20?? (rev: ${git.shortRevision})
Running Random Simulation with seed -744655602886962459 with 48 workers on 48 cores with 19627MB heap and 51200MB offheap memory [pid: 2779280] (Linux 6.8.0-1044-azure amd64, Ubuntu 21.0.9 x86_64).
Parsing file /home/ubuntu/Specula/data/workloads/etcdraft/scenarios/snapshot/spec/bugs/reproduce/76f1249_prevLogTerm_panic/MCetcdraft.tla
Parsing file /home/ubuntu/Specula/data/workloads/etcdraft/scenarios/snapshot/spec/bugs/reproduce/76f1249_prevLogTerm_panic/etcdraft.tla
Parsing file /tmp/tlc-15233143247592114142/_TLCTrace.tla (jar:file:/home/ubuntu/Specula/lib/tla2tools.jar!/tla2sany/StandardModules/_TLCTrace.tla)
Parsing file /tmp/tlc-15233143247592114142/Naturals.tla (jar:file:/home/ubuntu/Specula/lib/tla2tools.jar!/tla2sany/StandardModules/Naturals.tla)
Parsing file /tmp/tlc-15233143247592114142/Integers.tla (jar:file:/home/ubuntu/Specula/lib/tla2tools.jar!/tla2sany/StandardModules/Integers.tla)
Parsing file /tmp/tlc-15233143247592114142/Bags.tla (jar:file:/home/ubuntu/Specula/lib/tla2tools.jar!/tla2sany/StandardModules/Bags.tla)
Parsing file /tmp/tlc-15233143247592114142/FiniteSets.tla (jar:file:/home/ubuntu/Specula/lib/tla2tools.jar!/tla2sany/StandardModules/FiniteSets.tla)
Parsing file /tmp/tlc-15233143247592114142/Sequences.tla (jar:file:/home/ubuntu/Specula/lib/tla2tools.jar!/tla2sany/StandardModules/Sequences.tla)
Parsing file /tmp/tlc-15233143247592114142/SequencesExt.tla (jar:file:/home/ubuntu/Specula/lib/CommunityModules-deps.jar!/SequencesExt.tla)
Parsing file /tmp/tlc-15233143247592114142/FiniteSetsExt.tla (jar:file:/home/ubuntu/Specula/lib/CommunityModules-deps.jar!/FiniteSetsExt.tla)
Parsing file /tmp/tlc-15233143247592114142/BagsExt.tla (jar:file:/home/ubuntu/Specula/lib/CommunityModules-deps.jar!/BagsExt.tla)
Parsing file /tmp/tlc-15233143247592114142/TLC.tla (jar:file:/home/ubuntu/Specula/lib/tla2tools.jar!/tla2sany/StandardModules/TLC.tla)
Parsing file /tmp/tlc-15233143247592114142/Folds.tla (jar:file:/home/ubuntu/Specula/lib/CommunityModules-deps.jar!/Folds.tla)
Parsing file /tmp/tlc-15233143247592114142/Functions.tla (jar:file:/home/ubuntu/Specula/lib/CommunityModules-deps.jar!/Functions.tla)
Parsing file /tmp/tlc-15233143247592114142/TLCExt.tla (jar:file:/home/ubuntu/Specula/lib/tla2tools.jar!/tla2sany/StandardModules/TLCExt.tla)
Semantic processing of module Naturals
Semantic processing of module Integers
Semantic processing of module Sequences
Semantic processing of module FiniteSets
Semantic processing of module TLC
Semantic processing of module Bags
Semantic processing of module Folds
Semantic processing of module Functions
Semantic processing of module FiniteSetsExt
Semantic processing of module SequencesExt
Semantic processing of module BagsExt
Semantic processing of module etcdraft
Semantic processing of module TLCExt
Semantic processing of module _TLCTrace
Semantic processing of module MCetcdraft
Linting of module Folds
Linting of module Functions
Linting of module FiniteSetsExt
Linting of module SequencesExt
Linting of module BagsExt
Linting of module etcdraft
Linting of module TLCExt
Linting of module _TLCTrace
Linting of module MCetcdraft
Starting... (2026-02-02 04:05:19)
Warning: The set Value has been defined to be a symmetry set but contains less than two elements.
(Use the -nowarning option to disable this warning.)
Computed 1 initial states...
Finished computing initial states: 1 distinct state generated at 2026-02-02 04:05:19.
Progress: 70865609 states checked, 725807 traces generated (trace length: mean=2, var(x)=2304, sd=48)
Progress: 142768053 states checked, 1462210 traces generated (trace length: mean=2, var(x)=2304, sd=48)
Progress: 214885828 states checked, 2200830 traces generated (trace length: mean=2, var(x)=352, sd=19)
Progress: 287103906 states checked, 2940286 traces generated (trace length: mean=2, var(x)=843, sd=29)
