[0;32m================================[0m
[0;32mTLC Simulation Mode[0m
[0;32m================================[0m
Spec File:       MCetcdraft.tla
Config File:     MCetcdraft.cfg
Memory Limit:    20G
Off-heap Memory: 50G
Workers:         auto
Timeout:         5 minutes
[0;34m--- Simulation Settings ---[0m
Trace Count:     500000
Trace File:      (not saved)
Sim Depth:       50
Log File:        7280_sim.log
[0;32m================================[0m
[1;33mExecuting Command:[0m
timeout 300s java -XX:+UseParallelGC -Dtlc2.tool.fp.FPSet.impl=tlc2.tool.fp.OffHeapDiskFPSet -XX:MaxDirectMemorySize=50G -Xmx20G -Xms20G -cp /home/ubuntu/Specula/lib/CommunityModules-deps.jar:/home/ubuntu/Specula/lib/tla2tools.jar tlc2.TLC -config MCetcdraft.cfg MCetcdraft.tla -workers auto -simulate num=500000 -depth 50

TLC2 Version 2.20 of Day Month 20?? (rev: ${git.shortRevision})
Running Random Simulation with seed -3644523982370674461 with 48 workers on 48 cores with 19627MB heap and 51200MB offheap memory [pid: 2298495] (Linux 6.8.0-1044-azure amd64, Ubuntu 21.0.9 x86_64).
Parsing file /home/ubuntu/Specula/data/workloads/etcdraft/scenarios/snapshot/spec/bugs/reproduce/7280_async_apply_confchange/MCetcdraft.tla
Parsing file /home/ubuntu/Specula/data/workloads/etcdraft/scenarios/snapshot/spec/bugs/reproduce/7280_async_apply_confchange/etcdraft.tla
Parsing file /tmp/tlc-9359292089028922599/_TLCTrace.tla (jar:file:/home/ubuntu/Specula/lib/tla2tools.jar!/tla2sany/StandardModules/_TLCTrace.tla)
Parsing file /tmp/tlc-9359292089028922599/Naturals.tla (jar:file:/home/ubuntu/Specula/lib/tla2tools.jar!/tla2sany/StandardModules/Naturals.tla)
Parsing file /tmp/tlc-9359292089028922599/Integers.tla (jar:file:/home/ubuntu/Specula/lib/tla2tools.jar!/tla2sany/StandardModules/Integers.tla)
Parsing file /tmp/tlc-9359292089028922599/Bags.tla (jar:file:/home/ubuntu/Specula/lib/tla2tools.jar!/tla2sany/StandardModules/Bags.tla)
Parsing file /tmp/tlc-9359292089028922599/FiniteSets.tla (jar:file:/home/ubuntu/Specula/lib/tla2tools.jar!/tla2sany/StandardModules/FiniteSets.tla)
Parsing file /tmp/tlc-9359292089028922599/Sequences.tla (jar:file:/home/ubuntu/Specula/lib/tla2tools.jar!/tla2sany/StandardModules/Sequences.tla)
Parsing file /tmp/tlc-9359292089028922599/SequencesExt.tla (jar:file:/home/ubuntu/Specula/lib/CommunityModules-deps.jar!/SequencesExt.tla)
Parsing file /tmp/tlc-9359292089028922599/FiniteSetsExt.tla (jar:file:/home/ubuntu/Specula/lib/CommunityModules-deps.jar!/FiniteSetsExt.tla)
Parsing file /tmp/tlc-9359292089028922599/BagsExt.tla (jar:file:/home/ubuntu/Specula/lib/CommunityModules-deps.jar!/BagsExt.tla)
Parsing file /tmp/tlc-9359292089028922599/TLC.tla (jar:file:/home/ubuntu/Specula/lib/tla2tools.jar!/tla2sany/StandardModules/TLC.tla)
Parsing file /tmp/tlc-9359292089028922599/Folds.tla (jar:file:/home/ubuntu/Specula/lib/CommunityModules-deps.jar!/Folds.tla)
Parsing file /tmp/tlc-9359292089028922599/Functions.tla (jar:file:/home/ubuntu/Specula/lib/CommunityModules-deps.jar!/Functions.tla)
Parsing file /tmp/tlc-9359292089028922599/TLCExt.tla (jar:file:/home/ubuntu/Specula/lib/tla2tools.jar!/tla2sany/StandardModules/TLCExt.tla)
Semantic processing of module Naturals
Semantic processing of module Integers
Semantic processing of module Sequences
Semantic processing of module FiniteSets
Semantic processing of module TLC
Semantic processing of module Bags
Semantic processing of module Folds
Semantic processing of module Functions
Semantic processing of module FiniteSetsExt
Semantic processing of module SequencesExt
Semantic processing of module BagsExt
Semantic processing of module etcdraft
Semantic errors:

*** Warnings: 10

line 507, col 9 to line 507, col 19 of module etcdraft

The field name "currentTerm" in the record constructor is identical to the existing definition or declaration
named currentTerm, located at line 114, col 5 to line 114, col 15 of module etcdraft.
The field in the record will not take the value of the currentTerm definition or declaration.
In TLA+, field names in records are strings, regardless of any similarly named declarations or definitions.
Therefore, DOMAIN [currentTerm |-> ...] = {"currentTerm"} holds true.


line 508, col 9 to line 508, col 16 of module etcdraft

The field name "votedFor" in the record constructor is identical to the existing definition or declaration
named votedFor, located at line 123, col 5 to line 123, col 12 of module etcdraft.
The field in the record will not take the value of the votedFor definition or declaration.
In TLA+, field names in records are strings, regardless of any similarly named declarations or definitions.
Therefore, DOMAIN [votedFor |-> ...] = {"votedFor"} holds true.


line 509, col 9 to line 509, col 11 of module etcdraft

The field name "log" in the record constructor is identical to the existing definition or declaration
named log, located at line 131, col 5 to line 131, col 7 of module etcdraft.
The field in the record will not take the value of the log definition or declaration.
In TLA+, field names in records are strings, regardless of any similarly named declarations or definitions.
Therefore, DOMAIN [log |-> ...] = {"log"} holds true.


line 512, col 9 to line 512, col 19 of module etcdraft

The field name "commitIndex" in the record constructor is identical to the existing definition or declaration
named commitIndex, located at line 139, col 5 to line 139, col 15 of module etcdraft.
The field in the record will not take the value of the commitIndex definition or declaration.
In TLA+, field names in records are strings, regardless of any similarly named declarations or definitions.
Therefore, DOMAIN [commitIndex |-> ...] = {"commitIndex"} holds true.


line 513, col 9 to line 513, col 14 of module etcdraft

The field name "config" in the record constructor is identical to the existing definition or declaration
named config, located at line 174, col 5 to line 174, col 10 of module etcdraft.
The field in the record will not take the value of the config definition or declaration.
In TLA+, field names in records are strings, regardless of any similarly named declarations or definitions.
Therefore, DOMAIN [config |-> ...] = {"config"} holds true.


line 574, col 9 to line 574, col 19 of module etcdraft

The field name "currentTerm" in the record constructor is identical to the existing definition or declaration
named currentTerm, located at line 114, col 5 to line 114, col 15 of module etcdraft.
The field in the record will not take the value of the currentTerm definition or declaration.
In TLA+, field names in records are strings, regardless of any similarly named declarations or definitions.
Therefore, DOMAIN [currentTerm |-> ...] = {"currentTerm"} holds true.


line 575, col 9 to line 575, col 16 of module etcdraft

The field name "votedFor" in the record constructor is identical to the existing definition or declaration
named votedFor, located at line 123, col 5 to line 123, col 12 of module etcdraft.
The field in the record will not take the value of the votedFor definition or declaration.
In TLA+, field names in records are strings, regardless of any similarly named declarations or definitions.
Therefore, DOMAIN [votedFor |-> ...] = {"votedFor"} holds true.


line 576, col 9 to line 576, col 11 of module etcdraft

The field name "log" in the record constructor is identical to the existing definition or declaration
named log, located at line 131, col 5 to line 131, col 7 of module etcdraft.
The field in the record will not take the value of the log definition or declaration.
In TLA+, field names in records are strings, regardless of any similarly named declarations or definitions.
Therefore, DOMAIN [log |-> ...] = {"log"} holds true.


line 579, col 9 to line 579, col 19 of module etcdraft

The field name "commitIndex" in the record constructor is identical to the existing definition or declaration
named commitIndex, located at line 139, col 5 to line 139, col 15 of module etcdraft.
The field in the record will not take the value of the commitIndex definition or declaration.
In TLA+, field names in records are strings, regardless of any similarly named declarations or definitions.
Therefore, DOMAIN [commitIndex |-> ...] = {"commitIndex"} holds true.


line 580, col 9 to line 580, col 14 of module etcdraft

The field name "config" in the record constructor is identical to the existing definition or declaration
named config, located at line 174, col 5 to line 174, col 10 of module etcdraft.
The field in the record will not take the value of the config definition or declaration.
In TLA+, field names in records are strings, regardless of any similarly named declarations or definitions.
Therefore, DOMAIN [config |-> ...] = {"config"} holds true.



Semantic processing of module TLCExt
Semantic errors:

*** Warnings: 10

line 507, col 9 to line 507, col 19 of module etcdraft

The field name "currentTerm" in the record constructor is identical to the existing definition or declaration
named currentTerm, located at line 114, col 5 to line 114, col 15 of module etcdraft.
The field in the record will not take the value of the currentTerm definition or declaration.
In TLA+, field names in records are strings, regardless of any similarly named declarations or definitions.
Therefore, DOMAIN [currentTerm |-> ...] = {"currentTerm"} holds true.


line 508, col 9 to line 508, col 16 of module etcdraft

The field name "votedFor" in the record constructor is identical to the existing definition or declaration
named votedFor, located at line 123, col 5 to line 123, col 12 of module etcdraft.
The field in the record will not take the value of the votedFor definition or declaration.
In TLA+, field names in records are strings, regardless of any similarly named declarations or definitions.
Therefore, DOMAIN [votedFor |-> ...] = {"votedFor"} holds true.


line 509, col 9 to line 509, col 11 of module etcdraft

The field name "log" in the record constructor is identical to the existing definition or declaration
named log, located at line 131, col 5 to line 131, col 7 of module etcdraft.
The field in the record will not take the value of the log definition or declaration.
In TLA+, field names in records are strings, regardless of any similarly named declarations or definitions.
Therefore, DOMAIN [log |-> ...] = {"log"} holds true.


line 512, col 9 to line 512, col 19 of module etcdraft

The field name "commitIndex" in the record constructor is identical to the existing definition or declaration
named commitIndex, located at line 139, col 5 to line 139, col 15 of module etcdraft.
The field in the record will not take the value of the commitIndex definition or declaration.
In TLA+, field names in records are strings, regardless of any similarly named declarations or definitions.
Therefore, DOMAIN [commitIndex |-> ...] = {"commitIndex"} holds true.


line 513, col 9 to line 513, col 14 of module etcdraft

The field name "config" in the record constructor is identical to the existing definition or declaration
named config, located at line 174, col 5 to line 174, col 10 of module etcdraft.
The field in the record will not take the value of the config definition or declaration.
In TLA+, field names in records are strings, regardless of any similarly named declarations or definitions.
Therefore, DOMAIN [config |-> ...] = {"config"} holds true.


line 574, col 9 to line 574, col 19 of module etcdraft

The field name "currentTerm" in the record constructor is identical to the existing definition or declaration
named currentTerm, located at line 114, col 5 to line 114, col 15 of module etcdraft.
The field in the record will not take the value of the currentTerm definition or declaration.
In TLA+, field names in records are strings, regardless of any similarly named declarations or definitions.
Therefore, DOMAIN [currentTerm |-> ...] = {"currentTerm"} holds true.


line 575, col 9 to line 575, col 16 of module etcdraft

The field name "votedFor" in the record constructor is identical to the existing definition or declaration
named votedFor, located at line 123, col 5 to line 123, col 12 of module etcdraft.
The field in the record will not take the value of the votedFor definition or declaration.
In TLA+, field names in records are strings, regardless of any similarly named declarations or definitions.
Therefore, DOMAIN [votedFor |-> ...] = {"votedFor"} holds true.


line 576, col 9 to line 576, col 11 of module etcdraft

The field name "log" in the record constructor is identical to the existing definition or declaration
named log, located at line 131, col 5 to line 131, col 7 of module etcdraft.
The field in the record will not take the value of the log definition or declaration.
In TLA+, field names in records are strings, regardless of any similarly named declarations or definitions.
Therefore, DOMAIN [log |-> ...] = {"log"} holds true.


line 579, col 9 to line 579, col 19 of module etcdraft

The field name "commitIndex" in the record constructor is identical to the existing definition or declaration
named commitIndex, located at line 139, col 5 to line 139, col 15 of module etcdraft.
The field in the record will not take the value of the commitIndex definition or declaration.
In TLA+, field names in records are strings, regardless of any similarly named declarations or definitions.
Therefore, DOMAIN [commitIndex |-> ...] = {"commitIndex"} holds true.


line 580, col 9 to line 580, col 14 of module etcdraft

The field name "config" in the record constructor is identical to the existing definition or declaration
named config, located at line 174, col 5 to line 174, col 10 of module etcdraft.
The field in the record will not take the value of the config definition or declaration.
In TLA+, field names in records are strings, regardless of any similarly named declarations or definitions.
Therefore, DOMAIN [config |-> ...] = {"config"} holds true.



Semantic processing of module _TLCTrace
Semantic errors:

*** Warnings: 10

line 507, col 9 to line 507, col 19 of module etcdraft

The field name "currentTerm" in the record constructor is identical to the existing definition or declaration
named currentTerm, located at line 114, col 5 to line 114, col 15 of module etcdraft.
The field in the record will not take the value of the currentTerm definition or declaration.
In TLA+, field names in records are strings, regardless of any similarly named declarations or definitions.
Therefore, DOMAIN [currentTerm |-> ...] = {"currentTerm"} holds true.


line 508, col 9 to line 508, col 16 of module etcdraft

The field name "votedFor" in the record constructor is identical to the existing definition or declaration
named votedFor, located at line 123, col 5 to line 123, col 12 of module etcdraft.
The field in the record will not take the value of the votedFor definition or declaration.
In TLA+, field names in records are strings, regardless of any similarly named declarations or definitions.
Therefore, DOMAIN [votedFor |-> ...] = {"votedFor"} holds true.


line 509, col 9 to line 509, col 11 of module etcdraft

The field name "log" in the record constructor is identical to the existing definition or declaration
named log, located at line 131, col 5 to line 131, col 7 of module etcdraft.
The field in the record will not take the value of the log definition or declaration.
In TLA+, field names in records are strings, regardless of any similarly named declarations or definitions.
Therefore, DOMAIN [log |-> ...] = {"log"} holds true.


line 512, col 9 to line 512, col 19 of module etcdraft

The field name "commitIndex" in the record constructor is identical to the existing definition or declaration
named commitIndex, located at line 139, col 5 to line 139, col 15 of module etcdraft.
The field in the record will not take the value of the commitIndex definition or declaration.
In TLA+, field names in records are strings, regardless of any similarly named declarations or definitions.
Therefore, DOMAIN [commitIndex |-> ...] = {"commitIndex"} holds true.


line 513, col 9 to line 513, col 14 of module etcdraft

The field name "config" in the record constructor is identical to the existing definition or declaration
named config, located at line 174, col 5 to line 174, col 10 of module etcdraft.
The field in the record will not take the value of the config definition or declaration.
In TLA+, field names in records are strings, regardless of any similarly named declarations or definitions.
Therefore, DOMAIN [config |-> ...] = {"config"} holds true.


line 574, col 9 to line 574, col 19 of module etcdraft

The field name "currentTerm" in the record constructor is identical to the existing definition or declaration
named currentTerm, located at line 114, col 5 to line 114, col 15 of module etcdraft.
The field in the record will not take the value of the currentTerm definition or declaration.
In TLA+, field names in records are strings, regardless of any similarly named declarations or definitions.
Therefore, DOMAIN [currentTerm |-> ...] = {"currentTerm"} holds true.


line 575, col 9 to line 575, col 16 of module etcdraft

The field name "votedFor" in the record constructor is identical to the existing definition or declaration
named votedFor, located at line 123, col 5 to line 123, col 12 of module etcdraft.
The field in the record will not take the value of the votedFor definition or declaration.
In TLA+, field names in records are strings, regardless of any similarly named declarations or definitions.
Therefore, DOMAIN [votedFor |-> ...] = {"votedFor"} holds true.


line 576, col 9 to line 576, col 11 of module etcdraft

The field name "log" in the record constructor is identical to the existing definition or declaration
named log, located at line 131, col 5 to line 131, col 7 of module etcdraft.
The field in the record will not take the value of the log definition or declaration.
In TLA+, field names in records are strings, regardless of any similarly named declarations or definitions.
Therefore, DOMAIN [log |-> ...] = {"log"} holds true.


line 579, col 9 to line 579, col 19 of module etcdraft

The field name "commitIndex" in the record constructor is identical to the existing definition or declaration
named commitIndex, located at line 139, col 5 to line 139, col 15 of module etcdraft.
The field in the record will not take the value of the commitIndex definition or declaration.
In TLA+, field names in records are strings, regardless of any similarly named declarations or definitions.
Therefore, DOMAIN [commitIndex |-> ...] = {"commitIndex"} holds true.


line 580, col 9 to line 580, col 14 of module etcdraft

The field name "config" in the record constructor is identical to the existing definition or declaration
named config, located at line 174, col 5 to line 174, col 10 of module etcdraft.
The field in the record will not take the value of the config definition or declaration.
In TLA+, field names in records are strings, regardless of any similarly named declarations or definitions.
Therefore, DOMAIN [config |-> ...] = {"config"} holds true.



Semantic processing of module MCetcdraft
Semantic errors:

*** Warnings: 15

line 507, col 9 to line 507, col 19 of module etcdraft

The field name "currentTerm" in the record constructor is identical to the existing definition or declaration
named currentTerm, located at line 114, col 5 to line 114, col 15 of module etcdraft.
The field in the record will not take the value of the currentTerm definition or declaration.
In TLA+, field names in records are strings, regardless of any similarly named declarations or definitions.
Therefore, DOMAIN [currentTerm |-> ...] = {"currentTerm"} holds true.


line 508, col 9 to line 508, col 16 of module etcdraft

The field name "votedFor" in the record constructor is identical to the existing definition or declaration
named votedFor, located at line 123, col 5 to line 123, col 12 of module etcdraft.
The field in the record will not take the value of the votedFor definition or declaration.
In TLA+, field names in records are strings, regardless of any similarly named declarations or definitions.
Therefore, DOMAIN [votedFor |-> ...] = {"votedFor"} holds true.


line 509, col 9 to line 509, col 11 of module etcdraft

The field name "log" in the record constructor is identical to the existing definition or declaration
named log, located at line 131, col 5 to line 131, col 7 of module etcdraft.
The field in the record will not take the value of the log definition or declaration.
In TLA+, field names in records are strings, regardless of any similarly named declarations or definitions.
Therefore, DOMAIN [log |-> ...] = {"log"} holds true.


line 512, col 9 to line 512, col 19 of module etcdraft

The field name "commitIndex" in the record constructor is identical to the existing definition or declaration
named commitIndex, located at line 139, col 5 to line 139, col 15 of module etcdraft.
The field in the record will not take the value of the commitIndex definition or declaration.
In TLA+, field names in records are strings, regardless of any similarly named declarations or definitions.
Therefore, DOMAIN [commitIndex |-> ...] = {"commitIndex"} holds true.


line 513, col 9 to line 513, col 14 of module etcdraft

The field name "config" in the record constructor is identical to the existing definition or declaration
named config, located at line 174, col 5 to line 174, col 10 of module etcdraft.
The field in the record will not take the value of the config definition or declaration.
In TLA+, field names in records are strings, regardless of any similarly named declarations or definitions.
Therefore, DOMAIN [config |-> ...] = {"config"} holds true.


line 574, col 9 to line 574, col 19 of module etcdraft

The field name "currentTerm" in the record constructor is identical to the existing definition or declaration
named currentTerm, located at line 114, col 5 to line 114, col 15 of module etcdraft.
The field in the record will not take the value of the currentTerm definition or declaration.
In TLA+, field names in records are strings, regardless of any similarly named declarations or definitions.
Therefore, DOMAIN [currentTerm |-> ...] = {"currentTerm"} holds true.


line 575, col 9 to line 575, col 16 of module etcdraft

The field name "votedFor" in the record constructor is identical to the existing definition or declaration
named votedFor, located at line 123, col 5 to line 123, col 12 of module etcdraft.
The field in the record will not take the value of the votedFor definition or declaration.
In TLA+, field names in records are strings, regardless of any similarly named declarations or definitions.
Therefore, DOMAIN [votedFor |-> ...] = {"votedFor"} holds true.


line 576, col 9 to line 576, col 11 of module etcdraft

The field name "log" in the record constructor is identical to the existing definition or declaration
named log, located at line 131, col 5 to line 131, col 7 of module etcdraft.
The field in the record will not take the value of the log definition or declaration.
In TLA+, field names in records are strings, regardless of any similarly named declarations or definitions.
Therefore, DOMAIN [log |-> ...] = {"log"} holds true.


line 579, col 9 to line 579, col 19 of module etcdraft

The field name "commitIndex" in the record constructor is identical to the existing definition or declaration
named commitIndex, located at line 139, col 5 to line 139, col 15 of module etcdraft.
The field in the record will not take the value of the commitIndex definition or declaration.
In TLA+, field names in records are strings, regardless of any similarly named declarations or definitions.
Therefore, DOMAIN [commitIndex |-> ...] = {"commitIndex"} holds true.


line 580, col 9 to line 580, col 14 of module etcdraft

The field name "config" in the record constructor is identical to the existing definition or declaration
named config, located at line 174, col 5 to line 174, col 10 of module etcdraft.
The field in the record will not take the value of the config definition or declaration.
In TLA+, field names in records are strings, regardless of any similarly named declarations or definitions.
Therefore, DOMAIN [config |-> ...] = {"config"} holds true.


line 118, col 9 to line 118, col 19 of module MCetcdraft

The field name "currentTerm" in the record constructor is identical to the existing definition or declaration
named currentTerm, located at line 114, col 5 to line 114, col 15 of module etcdraft.
The field in the record will not take the value of the currentTerm definition or declaration.
In TLA+, field names in records are strings, regardless of any similarly named declarations or definitions.
Therefore, DOMAIN [currentTerm |-> ...] = {"currentTerm"} holds true.


line 119, col 9 to line 119, col 16 of module MCetcdraft

The field name "votedFor" in the record constructor is identical to the existing definition or declaration
named votedFor, located at line 123, col 5 to line 123, col 12 of module etcdraft.
The field in the record will not take the value of the votedFor definition or declaration.
In TLA+, field names in records are strings, regardless of any similarly named declarations or definitions.
Therefore, DOMAIN [votedFor |-> ...] = {"votedFor"} holds true.


line 120, col 9 to line 120, col 11 of module MCetcdraft

The field name "log" in the record constructor is identical to the existing definition or declaration
named log, located at line 131, col 5 to line 131, col 7 of module etcdraft.
The field in the record will not take the value of the log definition or declaration.
In TLA+, field names in records are strings, regardless of any similarly named declarations or definitions.
Therefore, DOMAIN [log |-> ...] = {"log"} holds true.


line 123, col 9 to line 123, col 19 of module MCetcdraft

The field name "commitIndex" in the record constructor is identical to the existing definition or declaration
named commitIndex, located at line 139, col 5 to line 139, col 15 of module etcdraft.
The field in the record will not take the value of the commitIndex definition or declaration.
In TLA+, field names in records are strings, regardless of any similarly named declarations or definitions.
Therefore, DOMAIN [commitIndex |-> ...] = {"commitIndex"} holds true.


line 124, col 9 to line 124, col 14 of module MCetcdraft

The field name "config" in the record constructor is identical to the existing definition or declaration
named config, located at line 174, col 5 to line 174, col 10 of module etcdraft.
The field in the record will not take the value of the config definition or declaration.
In TLA+, field names in records are strings, regardless of any similarly named declarations or definitions.
Therefore, DOMAIN [config |-> ...] = {"config"} holds true.



Starting... (2026-02-01 13:40:01)
Warning: The set Value has been defined to be a symmetry set but contains less than two elements.
(Use the -nowarning option to disable this warning.)
Computed 1 initial states...
Finished computing initial states: 1 distinct state generated at 2026-02-01 13:40:01.
Progress: 77132609 states checked, 843630 traces generated (trace length: mean=2, var(x)=2304, sd=48)
Progress: 158094686 states checked, 1728627 traces generated (trace length: mean=2, var(x)=2304, sd=48)
Progress: 237937064 states checked, 2601235 traces generated (trace length: mean=2, var(x)=653, sd=26)
Progress: 317177781 states checked, 3467603 traces generated (trace length: mean=2, var(x)=1065, sd=33)

[0;32m================================[0m
[1;33m⚠ Timed out[0m
[0;32m================================[0m
