[0;32m================================[0m
[0;32mTLC Simulation Mode[0m
[0;32m================================[0m
Spec File:       MCetcdraft.tla
Config File:     MCetcdraft.cfg
Memory Limit:    20G
Off-heap Memory: 50G
Workers:         auto
Timeout:         3 minutes
[0;34m--- Simulation Settings ---[0m
Trace Count:     200000
Trace File:      (not saved)
Sim Depth:       40
Log File:        124_sim.log
[0;32m================================[0m
[1;33mExecuting Command:[0m
timeout 180s java -XX:+UseParallelGC -Dtlc2.tool.fp.FPSet.impl=tlc2.tool.fp.OffHeapDiskFPSet -XX:MaxDirectMemorySize=50G -Xmx20G -Xms20G -cp /home/ubuntu/Specula/lib/CommunityModules-deps.jar:/home/ubuntu/Specula/lib/tla2tools.jar tlc2.TLC -config MCetcdraft.cfg MCetcdraft.tla -workers auto -simulate num=200000 -depth 40

TLC2 Version 2.20 of Day Month 20?? (rev: ${git.shortRevision})
Running Random Simulation with seed -8185998432609509906 with 48 workers on 48 cores with 19627MB heap and 51200MB offheap memory [pid: 2785105] (Linux 6.8.0-1044-azure amd64, Ubuntu 21.0.9 x86_64).
Parsing file /home/ubuntu/Specula/data/workloads/etcdraft/scenarios/snapshot/spec/bugs/reproduce/124_progress_state_transition/MCetcdraft.tla
Parsing file /home/ubuntu/Specula/data/workloads/etcdraft/scenarios/snapshot/spec/bugs/reproduce/124_progress_state_transition/etcdraft.tla
Parsing file /tmp/tlc-12366590233182286640/_TLCTrace.tla (jar:file:/home/ubuntu/Specula/lib/tla2tools.jar!/tla2sany/StandardModules/_TLCTrace.tla)
Parsing file /tmp/tlc-12366590233182286640/Naturals.tla (jar:file:/home/ubuntu/Specula/lib/tla2tools.jar!/tla2sany/StandardModules/Naturals.tla)
Parsing file /tmp/tlc-12366590233182286640/Integers.tla (jar:file:/home/ubuntu/Specula/lib/tla2tools.jar!/tla2sany/StandardModules/Integers.tla)
Parsing file /tmp/tlc-12366590233182286640/Bags.tla (jar:file:/home/ubuntu/Specula/lib/tla2tools.jar!/tla2sany/StandardModules/Bags.tla)
Parsing file /tmp/tlc-12366590233182286640/FiniteSets.tla (jar:file:/home/ubuntu/Specula/lib/tla2tools.jar!/tla2sany/StandardModules/FiniteSets.tla)
Parsing file /tmp/tlc-12366590233182286640/Sequences.tla (jar:file:/home/ubuntu/Specula/lib/tla2tools.jar!/tla2sany/StandardModules/Sequences.tla)
Parsing file /tmp/tlc-12366590233182286640/SequencesExt.tla (jar:file:/home/ubuntu/Specula/lib/CommunityModules-deps.jar!/SequencesExt.tla)
Parsing file /tmp/tlc-12366590233182286640/FiniteSetsExt.tla (jar:file:/home/ubuntu/Specula/lib/CommunityModules-deps.jar!/FiniteSetsExt.tla)
Parsing file /tmp/tlc-12366590233182286640/BagsExt.tla (jar:file:/home/ubuntu/Specula/lib/CommunityModules-deps.jar!/BagsExt.tla)
Parsing file /tmp/tlc-12366590233182286640/TLC.tla (jar:file:/home/ubuntu/Specula/lib/tla2tools.jar!/tla2sany/StandardModules/TLC.tla)
Parsing file /tmp/tlc-12366590233182286640/Folds.tla (jar:file:/home/ubuntu/Specula/lib/CommunityModules-deps.jar!/Folds.tla)
Parsing file /tmp/tlc-12366590233182286640/Functions.tla (jar:file:/home/ubuntu/Specula/lib/CommunityModules-deps.jar!/Functions.tla)
Parsing file /tmp/tlc-12366590233182286640/TLCExt.tla (jar:file:/home/ubuntu/Specula/lib/tla2tools.jar!/tla2sany/StandardModules/TLCExt.tla)
Semantic processing of module Naturals
Semantic processing of module Integers
Semantic processing of module Sequences
Semantic processing of module FiniteSets
Semantic processing of module TLC
Semantic processing of module Bags
Semantic processing of module Folds
Semantic processing of module Functions
Semantic processing of module FiniteSetsExt
Semantic processing of module SequencesExt
Semantic processing of module BagsExt
Semantic processing of module etcdraft
Semantic processing of module TLCExt
Semantic processing of module _TLCTrace
Semantic processing of module MCetcdraft
Linting of module Folds
Linting of module Functions
Linting of module FiniteSetsExt
Linting of module SequencesExt
Linting of module BagsExt
Linting of module etcdraft
Linting of module TLCExt
Linting of module _TLCTrace
Linting of module MCetcdraft
Starting... (2026-02-02 04:14:32)
Warning: The set Value has been defined to be a symmetry set but contains less than two elements.
(Use the -nowarning option to disable this warning.)
Computed 1 initial states...
Finished computing initial states: 1 distinct state generated at 2026-02-02 04:14:32.
Progress: 68319166 states checked, 902819 traces generated (trace length: mean=0, var(x)=1600, sd=40)
Progress: 138690684 states checked, 1832446 traces generated (trace length: mean=0, var(x)=1600, sd=40)

[0;32m================================[0m
[1;33m⚠ Timed out[0m
[0;32m================================[0m
